<?xml version="1.0" encoding="UTF-8"?>
<!-- Generated by org.testng.reporters.JUnitXMLReporter -->
<testsuite ignored="0" hostname="DESKTOP-B8LB99J" failures="1" tests="1" name="DataDriven" time="0.024" errors="0" timestamp="02 Mar 2018 00:42:39 GMT">
  <testcase classname="com.facebooklogin.Login" name="fillForm" time="0.0">
    <failure type="org.testng.TestNGException" message="
Method fillForm requires 2 parameters but 1 were supplied in the @Test annotation.">
      <![CDATA[org.testng.TestNGException: 
Method fillForm requires 2 parameters but 1 were supplied in the @Test annotation.
... Removed 24 stack frames]]>
    </failure>
  </testcase> <!-- fillForm -->
</testsuite> <!-- DataDriven -->
