<?xml version="1.0" encoding="UTF-8"?>
<testng-results ignored="0" total="1" passed="1" failed="0" skipped="0">
  <reporter-output>
  </reporter-output>
  <suite started-at="2018-03-11T06:22:41Z" name="Suite" finished-at="2018-03-11T06:22:45Z" duration-ms="4080">
    <groups>
    </groups>
    <test started-at="2018-03-11T06:22:41Z" name="Default test" finished-at="2018-03-11T06:22:45Z" duration-ms="4080">
      <class name="com.screenshort.FacebookScreenShort">
        <test-method is-config="true" signature="openBrowser()[pri:0, instance:com.screenshort.FacebookScreenShort@1e683a3e]" started-at="2018-03-11T06:22:38Z" name="openBrowser" finished-at="2018-03-11T06:22:41Z" duration-ms="2972" status="PASS">
          <reporter-output>
          </reporter-output>
        </test-method> <!-- openBrowser -->
        <test-method signature="takeScreenShorts()[pri:0, instance:com.screenshort.FacebookScreenShort@1e683a3e]" started-at="2018-03-11T06:22:41Z" name="takeScreenShorts" finished-at="2018-03-11T06:22:45Z" duration-ms="3287" status="PASS">
          <reporter-output>
          </reporter-output>
        </test-method> <!-- takeScreenShorts -->
        <test-method is-config="true" signature="tearDown(org.testng.ITestResult)[pri:0, instance:com.screenshort.FacebookScreenShort@1e683a3e]" started-at="2018-03-11T06:22:45Z" name="tearDown" finished-at="2018-03-11T06:22:45Z" duration-ms="777" status="PASS">
          <params>
            <param index="0">
              <value>
                <![CDATA[[TestResult name=takeScreenShorts status=SUCCESS method=FacebookScreenShort.takeScreenShorts()[pri:0, instance:com.screenshort.FacebookScreenShort@1e683a3e] output={null}]]]>
              </value>
            </param>
          </params>
          <reporter-output>
          </reporter-output>
        </test-method> <!-- tearDown -->
      </class> <!-- com.screenshort.FacebookScreenShort -->
    </test> <!-- Default test -->
  </suite> <!-- Suite -->
</testng-results>
